{"D:\\Web\\Coding Test\\STS\\app\\controller\\authenticationController.js": {"path":"D:\\Web\\Coding Test\\STS\\app\\controller\\authenticationController.js","statementMap":{"0":{"start":{"line":1,"column":31},"end":{"line":1,"column":51}},"1":{"start":{"line":2,"column":15},"end":{"line":2,"column":35}},"2":{"start":{"line":3,"column":15},"end":{"line":3,"column":34}},"3":{"start":{"line":4,"column":12},"end":{"line":4,"column":35}},"4":{"start":{"line":5,"column":46},"end":{"line":5,"column":66}},"5":{"start":{"line":6,"column":0},"end":{"line":6,"column":27}},"6":{"start":{"line":8,"column":19},"end":{"line":48,"column":1}},"7":{"start":{"line":9,"column":2},"end":{"line":47,"column":3}},"8":{"start":{"line":22,"column":17},"end":{"line":22,"column":42}},"9":{"start":{"line":23,"column":4},"end":{"line":25,"column":5}},"10":{"start":{"line":24,"column":6},"end":{"line":24,"column":61}},"11":{"start":{"line":26,"column":18},"end":{"line":26,"column":36}},"12":{"start":{"line":28,"column":25},"end":{"line":32,"column":6}},"13":{"start":{"line":33,"column":4},"end":{"line":33,"column":74}},"14":{"start":{"line":33,"column":22},"end":{"line":33,"column":74}},"15":{"start":{"line":35,"column":4},"end":{"line":44,"column":7}},"16":{"start":{"line":36,"column":6},"end":{"line":36,"column":55}},"17":{"start":{"line":36,"column":15},"end":{"line":36,"column":55}},"18":{"start":{"line":38,"column":19},"end":{"line":38,"column":50}},"19":{"start":{"line":39,"column":6},"end":{"line":41,"column":7}},"20":{"start":{"line":40,"column":8},"end":{"line":40,"column":60}},"21":{"start":{"line":42,"column":6},"end":{"line":42,"column":22}},"22":{"start":{"line":43,"column":6},"end":{"line":43,"column":13}},"23":{"start":{"line":46,"column":4},"end":{"line":46,"column":67}},"24":{"start":{"line":50,"column":23},"end":{"line":81,"column":1}},"25":{"start":{"line":51,"column":2},"end":{"line":80,"column":3}},"26":{"start":{"line":52,"column":35},"end":{"line":52,"column":43}},"27":{"start":{"line":55,"column":18},"end":{"line":61,"column":6}},"28":{"start":{"line":62,"column":4},"end":{"line":64,"column":5}},"29":{"start":{"line":63,"column":6},"end":{"line":63,"column":75}},"30":{"start":{"line":67,"column":24},"end":{"line":67,"column":55}},"31":{"start":{"line":70,"column":4},"end":{"line":73,"column":7}},"32":{"start":{"line":75,"column":4},"end":{"line":77,"column":7}},"33":{"start":{"line":79,"column":4},"end":{"line":79,"column":67}},"34":{"start":{"line":83,"column":20},"end":{"line":128,"column":1}},"35":{"start":{"line":84,"column":2},"end":{"line":127,"column":3}},"36":{"start":{"line":85,"column":35},"end":{"line":85,"column":43}},"37":{"start":{"line":88,"column":17},"end":{"line":94,"column":6}},"38":{"start":{"line":95,"column":4},"end":{"line":95,"column":78}},"39":{"start":{"line":95,"column":15},"end":{"line":95,"column":78}},"40":{"start":{"line":98,"column":28},"end":{"line":98,"column":73}},"41":{"start":{"line":99,"column":4},"end":{"line":99,"column":89}},"42":{"start":{"line":99,"column":26},"end":{"line":99,"column":89}},"43":{"start":{"line":101,"column":31},"end":{"line":101,"column":55}},"44":{"start":{"line":102,"column":4},"end":{"line":102,"column":80}},"45":{"start":{"line":102,"column":28},"end":{"line":102,"column":80}},"46":{"start":{"line":104,"column":24},"end":{"line":104,"column":49}},"47":{"start":{"line":106,"column":25},"end":{"line":106,"column":84}},"48":{"start":{"line":107,"column":4},"end":{"line":110,"column":7}},"49":{"start":{"line":121,"column":4},"end":{"line":124,"column":7}},"50":{"start":{"line":126,"column":4},"end":{"line":126,"column":67}},"51":{"start":{"line":130,"column":21},"end":{"line":169,"column":1}},"52":{"start":{"line":131,"column":2},"end":{"line":168,"column":3}},"53":{"start":{"line":132,"column":32},"end":{"line":132,"column":40}},"54":{"start":{"line":136,"column":4},"end":{"line":165,"column":7}},"55":{"start":{"line":137,"column":6},"end":{"line":137,"column":55}},"56":{"start":{"line":137,"column":15},"end":{"line":137,"column":55}},"57":{"start":{"line":138,"column":21},"end":{"line":138,"column":31}},"58":{"start":{"line":140,"column":19},"end":{"line":140,"column":46}},"59":{"start":{"line":142,"column":6},"end":{"line":142,"column":69}},"60":{"start":{"line":142,"column":17},"end":{"line":142,"column":69}},"61":{"start":{"line":144,"column":6},"end":{"line":144,"column":96}},"62":{"start":{"line":144,"column":38},"end":{"line":144,"column":96}},"63":{"start":{"line":150,"column":25},"end":{"line":154,"column":8}},"64":{"start":{"line":156,"column":6},"end":{"line":160,"column":7}},"65":{"start":{"line":157,"column":8},"end":{"line":159,"column":11}},"66":{"start":{"line":162,"column":6},"end":{"line":164,"column":9}},"67":{"start":{"line":167,"column":4},"end":{"line":167,"column":67}},"68":{"start":{"line":171,"column":21},"end":{"line":181,"column":1}},"69":{"start":{"line":172,"column":2},"end":{"line":180,"column":3}},"70":{"start":{"line":173,"column":17},"end":{"line":173,"column":49}},"71":{"start":{"line":174,"column":4},"end":{"line":177,"column":7}},"72":{"start":{"line":179,"column":4},"end":{"line":179,"column":67}},"73":{"start":{"line":183,"column":27},"end":{"line":204,"column":1}},"74":{"start":{"line":184,"column":2},"end":{"line":203,"column":3}},"75":{"start":{"line":185,"column":25},"end":{"line":185,"column":49}},"76":{"start":{"line":186,"column":4},"end":{"line":186,"column":90}},"77":{"start":{"line":186,"column":30},"end":{"line":186,"column":90}},"78":{"start":{"line":188,"column":4},"end":{"line":200,"column":7}},"79":{"start":{"line":189,"column":6},"end":{"line":189,"column":55}},"80":{"start":{"line":189,"column":15},"end":{"line":189,"column":55}},"81":{"start":{"line":191,"column":19},"end":{"line":191,"column":50}},"82":{"start":{"line":192,"column":6},"end":{"line":194,"column":7}},"83":{"start":{"line":193,"column":8},"end":{"line":193,"column":60}},"84":{"start":{"line":196,"column":26},"end":{"line":196,"column":51}},"85":{"start":{"line":197,"column":6},"end":{"line":199,"column":9}},"86":{"start":{"line":202,"column":4},"end":{"line":202,"column":67}},"87":{"start":{"line":206,"column":28},"end":{"line":208,"column":1}},"88":{"start":{"line":207,"column":2},"end":{"line":207,"column":90}},"89":{"start":{"line":210,"column":0},"end":{"line":210,"column":109}}},"fnMap":{"0":{"name":"(anonymous_0)","decl":{"start":{"line":8,"column":19},"end":{"line":8,"column":20}},"loc":{"start":{"line":8,"column":45},"end":{"line":48,"column":1}},"line":8},"1":{"name":"(anonymous_1)","decl":{"start":{"line":35,"column":55},"end":{"line":35,"column":56}},"loc":{"start":{"line":35,"column":79},"end":{"line":44,"column":5}},"line":35},"2":{"name":"(anonymous_2)","decl":{"start":{"line":50,"column":23},"end":{"line":50,"column":24}},"loc":{"start":{"line":50,"column":43},"end":{"line":81,"column":1}},"line":50},"3":{"name":"(anonymous_3)","decl":{"start":{"line":83,"column":20},"end":{"line":83,"column":21}},"loc":{"start":{"line":83,"column":40},"end":{"line":128,"column":1}},"line":83},"4":{"name":"(anonymous_4)","decl":{"start":{"line":130,"column":21},"end":{"line":130,"column":22}},"loc":{"start":{"line":130,"column":41},"end":{"line":169,"column":1}},"line":130},"5":{"name":"(anonymous_5)","decl":{"start":{"line":136,"column":55},"end":{"line":136,"column":56}},"loc":{"start":{"line":136,"column":79},"end":{"line":165,"column":5}},"line":136},"6":{"name":"(anonymous_6)","decl":{"start":{"line":171,"column":21},"end":{"line":171,"column":22}},"loc":{"start":{"line":171,"column":41},"end":{"line":181,"column":1}},"line":171},"7":{"name":"(anonymous_7)","decl":{"start":{"line":183,"column":27},"end":{"line":183,"column":28}},"loc":{"start":{"line":183,"column":47},"end":{"line":204,"column":1}},"line":183},"8":{"name":"(anonymous_8)","decl":{"start":{"line":188,"column":63},"end":{"line":188,"column":64}},"loc":{"start":{"line":188,"column":87},"end":{"line":200,"column":5}},"line":188},"9":{"name":"(anonymous_9)","decl":{"start":{"line":206,"column":28},"end":{"line":206,"column":29}},"loc":{"start":{"line":206,"column":38},"end":{"line":208,"column":1}},"line":206}},"branchMap":{"0":{"loc":{"start":{"line":23,"column":4},"end":{"line":25,"column":5}},"type":"if","locations":[{"start":{"line":23,"column":4},"end":{"line":25,"column":5}},{"start":{},"end":{}}],"line":23},"1":{"loc":{"start":{"line":33,"column":4},"end":{"line":33,"column":74}},"type":"if","locations":[{"start":{"line":33,"column":4},"end":{"line":33,"column":74}},{"start":{},"end":{}}],"line":33},"2":{"loc":{"start":{"line":36,"column":6},"end":{"line":36,"column":55}},"type":"if","locations":[{"start":{"line":36,"column":6},"end":{"line":36,"column":55}},{"start":{},"end":{}}],"line":36},"3":{"loc":{"start":{"line":39,"column":6},"end":{"line":41,"column":7}},"type":"if","locations":[{"start":{"line":39,"column":6},"end":{"line":41,"column":7}},{"start":{},"end":{}}],"line":39},"4":{"loc":{"start":{"line":62,"column":4},"end":{"line":64,"column":5}},"type":"if","locations":[{"start":{"line":62,"column":4},"end":{"line":64,"column":5}},{"start":{},"end":{}}],"line":62},"5":{"loc":{"start":{"line":95,"column":4},"end":{"line":95,"column":78}},"type":"if","locations":[{"start":{"line":95,"column":4},"end":{"line":95,"column":78}},{"start":{},"end":{}}],"line":95},"6":{"loc":{"start":{"line":99,"column":4},"end":{"line":99,"column":89}},"type":"if","locations":[{"start":{"line":99,"column":4},"end":{"line":99,"column":89}},{"start":{},"end":{}}],"line":99},"7":{"loc":{"start":{"line":102,"column":4},"end":{"line":102,"column":80}},"type":"if","locations":[{"start":{"line":102,"column":4},"end":{"line":102,"column":80}},{"start":{},"end":{}}],"line":102},"8":{"loc":{"start":{"line":137,"column":6},"end":{"line":137,"column":55}},"type":"if","locations":[{"start":{"line":137,"column":6},"end":{"line":137,"column":55}},{"start":{},"end":{}}],"line":137},"9":{"loc":{"start":{"line":142,"column":6},"end":{"line":142,"column":69}},"type":"if","locations":[{"start":{"line":142,"column":6},"end":{"line":142,"column":69}},{"start":{},"end":{}}],"line":142},"10":{"loc":{"start":{"line":144,"column":6},"end":{"line":144,"column":96}},"type":"if","locations":[{"start":{"line":144,"column":6},"end":{"line":144,"column":96}},{"start":{},"end":{}}],"line":144},"11":{"loc":{"start":{"line":156,"column":6},"end":{"line":160,"column":7}},"type":"if","locations":[{"start":{"line":156,"column":6},"end":{"line":160,"column":7}},{"start":{},"end":{}}],"line":156},"12":{"loc":{"start":{"line":186,"column":4},"end":{"line":186,"column":90}},"type":"if","locations":[{"start":{"line":186,"column":4},"end":{"line":186,"column":90}},{"start":{},"end":{}}],"line":186},"13":{"loc":{"start":{"line":189,"column":6},"end":{"line":189,"column":55}},"type":"if","locations":[{"start":{"line":189,"column":6},"end":{"line":189,"column":55}},{"start":{},"end":{}}],"line":189},"14":{"loc":{"start":{"line":192,"column":6},"end":{"line":194,"column":7}},"type":"if","locations":[{"start":{"line":192,"column":6},"end":{"line":194,"column":7}},{"start":{},"end":{}}],"line":192}},"s":{"0":1,"1":1,"2":1,"3":1,"4":1,"5":1,"6":1,"7":0,"8":0,"9":0,"10":0,"11":0,"12":0,"13":0,"14":0,"15":0,"16":0,"17":0,"18":0,"19":0,"20":0,"21":0,"22":0,"23":0,"24":1,"25":3,"26":3,"27":3,"28":3,"29":1,"30":2,"31":1,"32":1,"33":1,"34":1,"35":5,"36":5,"37":5,"38":5,"39":1,"40":4,"41":3,"42":1,"43":2,"44":2,"45":1,"46":1,"47":1,"48":1,"49":1,"50":1,"51":1,"52":0,"53":0,"54":0,"55":0,"56":0,"57":0,"58":0,"59":0,"60":0,"61":0,"62":0,"63":0,"64":0,"65":0,"66":0,"67":0,"68":1,"69":0,"70":0,"71":0,"72":0,"73":1,"74":0,"75":0,"76":0,"77":0,"78":0,"79":0,"80":0,"81":0,"82":0,"83":0,"84":0,"85":0,"86":0,"87":1,"88":1,"89":1},"f":{"0":0,"1":0,"2":3,"3":5,"4":0,"5":0,"6":0,"7":0,"8":0,"9":1},"b":{"0":[0,0],"1":[0,0],"2":[0,0],"3":[0,0],"4":[1,2],"5":[1,4],"6":[1,2],"7":[1,1],"8":[0,0],"9":[0,0],"10":[0,0],"11":[0,0],"12":[0,0],"13":[0,0],"14":[0,0]},"_coverageSchema":"1a1c01bbd47fc00a2c39e90264f33305004495a9","hash":"8529fdfd06704eb190a4da0e65c2e1d300f3deb6"}
,"D:\\Web\\Coding Test\\STS\\app\\errors\\AuthError.js": {"path":"D:\\Web\\Coding Test\\STS\\app\\errors\\AuthError.js","statementMap":{"0":{"start":{"line":1,"column":24},"end":{"line":10,"column":1}},"1":{"start":{"line":2,"column":2},"end":{"line":9,"column":4}},"2":{"start":{"line":12,"column":21},"end":{"line":21,"column":1}},"3":{"start":{"line":13,"column":2},"end":{"line":20,"column":4}},"4":{"start":{"line":23,"column":21},"end":{"line":32,"column":1}},"5":{"start":{"line":24,"column":2},"end":{"line":31,"column":4}},"6":{"start":{"line":34,"column":27},"end":{"line":43,"column":1}},"7":{"start":{"line":35,"column":2},"end":{"line":42,"column":4}},"8":{"start":{"line":45,"column":21},"end":{"line":54,"column":1}},"9":{"start":{"line":46,"column":2},"end":{"line":53,"column":4}},"10":{"start":{"line":56,"column":32},"end":{"line":65,"column":1}},"11":{"start":{"line":57,"column":2},"end":{"line":64,"column":4}},"12":{"start":{"line":67,"column":21},"end":{"line":76,"column":1}},"13":{"start":{"line":68,"column":2},"end":{"line":75,"column":4}},"14":{"start":{"line":78,"column":21},"end":{"line":87,"column":1}},"15":{"start":{"line":79,"column":2},"end":{"line":86,"column":4}},"16":{"start":{"line":89,"column":29},"end":{"line":98,"column":1}},"17":{"start":{"line":90,"column":2},"end":{"line":97,"column":4}},"18":{"start":{"line":100,"column":0},"end":{"line":110,"column":2}}},"fnMap":{"0":{"name":"(anonymous_0)","decl":{"start":{"line":1,"column":24},"end":{"line":1,"column":25}},"loc":{"start":{"line":1,"column":30},"end":{"line":10,"column":1}},"line":1},"1":{"name":"(anonymous_1)","decl":{"start":{"line":12,"column":21},"end":{"line":12,"column":22}},"loc":{"start":{"line":12,"column":27},"end":{"line":21,"column":1}},"line":12},"2":{"name":"(anonymous_2)","decl":{"start":{"line":23,"column":21},"end":{"line":23,"column":22}},"loc":{"start":{"line":23,"column":27},"end":{"line":32,"column":1}},"line":23},"3":{"name":"(anonymous_3)","decl":{"start":{"line":34,"column":27},"end":{"line":34,"column":28}},"loc":{"start":{"line":34,"column":33},"end":{"line":43,"column":1}},"line":34},"4":{"name":"(anonymous_4)","decl":{"start":{"line":45,"column":21},"end":{"line":45,"column":22}},"loc":{"start":{"line":45,"column":27},"end":{"line":54,"column":1}},"line":45},"5":{"name":"(anonymous_5)","decl":{"start":{"line":56,"column":32},"end":{"line":56,"column":33}},"loc":{"start":{"line":56,"column":38},"end":{"line":65,"column":1}},"line":56},"6":{"name":"(anonymous_6)","decl":{"start":{"line":67,"column":21},"end":{"line":67,"column":22}},"loc":{"start":{"line":67,"column":27},"end":{"line":76,"column":1}},"line":67},"7":{"name":"(anonymous_7)","decl":{"start":{"line":78,"column":21},"end":{"line":78,"column":22}},"loc":{"start":{"line":78,"column":27},"end":{"line":87,"column":1}},"line":78},"8":{"name":"(anonymous_8)","decl":{"start":{"line":89,"column":29},"end":{"line":89,"column":30}},"loc":{"start":{"line":89,"column":35},"end":{"line":98,"column":1}},"line":89}},"branchMap":{},"s":{"0":1,"1":0,"2":1,"3":0,"4":1,"5":0,"6":1,"7":0,"8":1,"9":0,"10":1,"11":2,"12":1,"13":1,"14":1,"15":0,"16":1,"17":0,"18":1},"f":{"0":0,"1":0,"2":0,"3":0,"4":0,"5":2,"6":1,"7":0,"8":0},"b":{},"_coverageSchema":"1a1c01bbd47fc00a2c39e90264f33305004495a9","hash":"b45da0aabfc8f19165cd693f7f55bf7d0288e4a1"}
,"D:\\Web\\Coding Test\\STS\\app\\errors\\InternalServerError.js": {"path":"D:\\Web\\Coding Test\\STS\\app\\errors\\InternalServerError.js","statementMap":{"0":{"start":{"line":1,"column":22},"end":{"line":10,"column":1}},"1":{"start":{"line":2,"column":2},"end":{"line":9,"column":4}},"2":{"start":{"line":12,"column":0},"end":{"line":12,"column":35}}},"fnMap":{"0":{"name":"(anonymous_0)","decl":{"start":{"line":1,"column":22},"end":{"line":1,"column":23}},"loc":{"start":{"line":1,"column":33},"end":{"line":10,"column":1}},"line":1}},"branchMap":{},"s":{"0":1,"1":2,"2":1},"f":{"0":2},"b":{},"_coverageSchema":"1a1c01bbd47fc00a2c39e90264f33305004495a9","hash":"c046183c2e97953d8e7e29c4299cf01cee473315"}
,"D:\\Web\\Coding Test\\STS\\app\\errors\\UsernameError.js": {"path":"D:\\Web\\Coding Test\\STS\\app\\errors\\UsernameError.js","statementMap":{"0":{"start":{"line":1,"column":34},"end":{"line":10,"column":1}},"1":{"start":{"line":2,"column":2},"end":{"line":9,"column":4}},"2":{"start":{"line":12,"column":0},"end":{"line":12,"column":47}}},"fnMap":{"0":{"name":"(anonymous_0)","decl":{"start":{"line":1,"column":34},"end":{"line":1,"column":35}},"loc":{"start":{"line":1,"column":40},"end":{"line":10,"column":1}},"line":1}},"branchMap":{},"s":{"0":1,"1":1,"2":1},"f":{"0":1},"b":{},"_coverageSchema":"1a1c01bbd47fc00a2c39e90264f33305004495a9","hash":"dc708b34829b0d0f0643896f3bc64e1d926acc74"}
,"D:\\Web\\Coding Test\\STS\\app\\errors\\index.js": {"path":"D:\\Web\\Coding Test\\STS\\app\\errors\\index.js","statementMap":{"0":{"start":{"line":1,"column":16},"end":{"line":1,"column":38}},"1":{"start":{"line":2,"column":20},"end":{"line":2,"column":52}},"2":{"start":{"line":3,"column":20},"end":{"line":3,"column":46}},"3":{"start":{"line":5,"column":0},"end":{"line":5,"column":55}}},"fnMap":{},"branchMap":{},"s":{"0":1,"1":1,"2":1,"3":1},"f":{},"b":{},"_coverageSchema":"1a1c01bbd47fc00a2c39e90264f33305004495a9","hash":"aff4c5fc7d74fc35fb595be56985482b5e616c6f"}
,"D:\\Web\\Coding Test\\STS\\app\\models\\index.js": {"path":"D:\\Web\\Coding Test\\STS\\app\\models\\index.js","statementMap":{"0":{"start":{"line":3,"column":11},"end":{"line":3,"column":24}},"1":{"start":{"line":4,"column":13},"end":{"line":4,"column":28}},"2":{"start":{"line":5,"column":18},"end":{"line":5,"column":38}},"3":{"start":{"line":6,"column":17},"end":{"line":6,"column":42}},"4":{"start":{"line":7,"column":12},"end":{"line":7,"column":49}},"5":{"start":{"line":8,"column":15},"end":{"line":8,"column":68}},"6":{"start":{"line":9,"column":11},"end":{"line":9,"column":13}},"7":{"start":{"line":12,"column":0},"end":{"line":16,"column":1}},"8":{"start":{"line":13,"column":2},"end":{"line":13,"column":74}},"9":{"start":{"line":15,"column":2},"end":{"line":15,"column":87}},"10":{"start":{"line":18,"column":0},"end":{"line":26,"column":5}},"11":{"start":{"line":21,"column":4},"end":{"line":21,"column":90}},"12":{"start":{"line":24,"column":18},"end":{"line":24,"column":85}},"13":{"start":{"line":25,"column":4},"end":{"line":25,"column":27}},"14":{"start":{"line":28,"column":0},"end":{"line":32,"column":3}},"15":{"start":{"line":29,"column":2},"end":{"line":31,"column":3}},"16":{"start":{"line":30,"column":4},"end":{"line":30,"column":32}},"17":{"start":{"line":34,"column":0},"end":{"line":34,"column":25}},"18":{"start":{"line":35,"column":0},"end":{"line":35,"column":25}},"19":{"start":{"line":37,"column":0},"end":{"line":37,"column":20}}},"fnMap":{"0":{"name":"(anonymous_0)","decl":{"start":{"line":20,"column":10},"end":{"line":20,"column":11}},"loc":{"start":{"line":20,"column":18},"end":{"line":22,"column":3}},"line":20},"1":{"name":"(anonymous_1)","decl":{"start":{"line":23,"column":11},"end":{"line":23,"column":12}},"loc":{"start":{"line":23,"column":19},"end":{"line":26,"column":3}},"line":23},"2":{"name":"(anonymous_2)","decl":{"start":{"line":28,"column":24},"end":{"line":28,"column":25}},"loc":{"start":{"line":28,"column":37},"end":{"line":32,"column":1}},"line":28}},"branchMap":{"0":{"loc":{"start":{"line":7,"column":12},"end":{"line":7,"column":49}},"type":"binary-expr","locations":[{"start":{"line":7,"column":12},"end":{"line":7,"column":32}},{"start":{"line":7,"column":36},"end":{"line":7,"column":49}}],"line":7},"1":{"loc":{"start":{"line":12,"column":0},"end":{"line":16,"column":1}},"type":"if","locations":[{"start":{"line":12,"column":0},"end":{"line":16,"column":1}},{"start":{"line":14,"column":7},"end":{"line":16,"column":1}}],"line":12},"2":{"loc":{"start":{"line":21,"column":11},"end":{"line":21,"column":89}},"type":"binary-expr","locations":[{"start":{"line":21,"column":12},"end":{"line":21,"column":35}},{"start":{"line":21,"column":41},"end":{"line":21,"column":58}},{"start":{"line":21,"column":64},"end":{"line":21,"column":88}}],"line":21},"3":{"loc":{"start":{"line":29,"column":2},"end":{"line":31,"column":3}},"type":"if","locations":[{"start":{"line":29,"column":2},"end":{"line":31,"column":3}},{"start":{},"end":{}}],"line":29}},"s":{"0":1,"1":1,"2":1,"3":1,"4":1,"5":1,"6":1,"7":1,"8":0,"9":1,"10":1,"11":3,"12":2,"13":2,"14":1,"15":2,"16":2,"17":1,"18":1,"19":1},"f":{"0":3,"1":2,"2":2},"b":{"0":[1,0],"1":[0,1],"2":[3,3,2],"3":[2,0]},"_coverageSchema":"1a1c01bbd47fc00a2c39e90264f33305004495a9","hash":"c48bfa08eb9644aa344ea1dfee0e5d432e7cf225"}
,"D:\\Web\\Coding Test\\STS\\app\\models\\invalidtoken.js": {"path":"D:\\Web\\Coding Test\\STS\\app\\models\\invalidtoken.js","statementMap":{"0":{"start":{"line":4,"column":4},"end":{"line":4,"column":24}},"1":{"start":{"line":5,"column":0},"end":{"line":23,"column":2}},"2":{"start":{"line":16,"column":2},"end":{"line":21,"column":5}},"3":{"start":{"line":22,"column":2},"end":{"line":22,"column":22}}},"fnMap":{"0":{"name":"(anonymous_0)","decl":{"start":{"line":5,"column":17},"end":{"line":5,"column":18}},"loc":{"start":{"line":5,"column":43},"end":{"line":23,"column":1}},"line":5},"1":{"name":"(anonymous_1)","decl":{"start":{"line":12,"column":4},"end":{"line":12,"column":5}},"loc":{"start":{"line":12,"column":29},"end":{"line":14,"column":5}},"line":12}},"branchMap":{},"s":{"0":1,"1":1,"2":1,"3":1},"f":{"0":1,"1":1},"b":{},"_coverageSchema":"1a1c01bbd47fc00a2c39e90264f33305004495a9","hash":"5a2d2678a64324b1bc66dc7663f17779ffd34317"}
,"D:\\Web\\Coding Test\\STS\\app\\models\\user.js": {"path":"D:\\Web\\Coding Test\\STS\\app\\models\\user.js","statementMap":{"0":{"start":{"line":2,"column":18},"end":{"line":2,"column":38}},"1":{"start":{"line":3,"column":0},"end":{"line":31,"column":2}},"2":{"start":{"line":14,"column":2},"end":{"line":29,"column":4}},"3":{"start":{"line":30,"column":2},"end":{"line":30,"column":14}}},"fnMap":{"0":{"name":"(anonymous_0)","decl":{"start":{"line":3,"column":17},"end":{"line":3,"column":18}},"loc":{"start":{"line":3,"column":43},"end":{"line":31,"column":1}},"line":3},"1":{"name":"(anonymous_1)","decl":{"start":{"line":10,"column":4},"end":{"line":10,"column":5}},"loc":{"start":{"line":10,"column":29},"end":{"line":12,"column":5}},"line":10}},"branchMap":{},"s":{"0":1,"1":1,"2":1,"3":1},"f":{"0":1,"1":1},"b":{},"_coverageSchema":"1a1c01bbd47fc00a2c39e90264f33305004495a9","hash":"f3cfaddc5ee4ec4877317cf3ebb9862835487cad"}
,"D:\\Web\\Coding Test\\STS\\config\\database.js": {"path":"D:\\Web\\Coding Test\\STS\\config\\database.js","statementMap":{"0":{"start":{"line":1,"column":0},"end":{"line":1,"column":27}},"1":{"start":{"line":3,"column":59},"end":{"line":3,"column":70}},"2":{"start":{"line":5,"column":0},"end":{"line":28,"column":2}}},"fnMap":{},"branchMap":{},"s":{"0":1,"1":1,"2":1},"f":{},"b":{},"_coverageSchema":"1a1c01bbd47fc00a2c39e90264f33305004495a9","hash":"04b66f98f6729507df4ad8b1dba39fe46a61b2ce"}
}
