TN:
SF:app\controller\authenticationController.js
FN:8,(anonymous_0)
FN:35,(anonymous_1)
FN:50,(anonymous_2)
FN:83,(anonymous_3)
FN:130,(anonymous_4)
FN:136,(anonymous_5)
FN:171,(anonymous_6)
FN:183,(anonymous_7)
FN:188,(anonymous_8)
FN:206,(anonymous_9)
FNF:10
FNH:3
FNDA:0,(anonymous_0)
FNDA:0,(anonymous_1)
FNDA:3,(anonymous_2)
FNDA:5,(anonymous_3)
FNDA:0,(anonymous_4)
FNDA:0,(anonymous_5)
FNDA:0,(anonymous_6)
FNDA:0,(anonymous_7)
FNDA:0,(anonymous_8)
FNDA:1,(anonymous_9)
DA:1,1
DA:2,1
DA:3,1
DA:4,1
DA:5,1
DA:6,1
DA:8,1
DA:9,0
DA:22,0
DA:23,0
DA:24,0
DA:26,0
DA:28,0
DA:33,0
DA:35,0
DA:36,0
DA:38,0
DA:39,0
DA:40,0
DA:42,0
DA:43,0
DA:46,0
DA:50,1
DA:51,3
DA:52,3
DA:55,3
DA:62,3
DA:63,1
DA:67,2
DA:70,1
DA:75,1
DA:79,1
DA:83,1
DA:84,5
DA:85,5
DA:88,5
DA:95,5
DA:98,4
DA:99,3
DA:101,2
DA:102,2
DA:104,1
DA:106,1
DA:107,1
DA:121,1
DA:126,1
DA:130,1
DA:131,0
DA:132,0
DA:136,0
DA:137,0
DA:138,0
DA:140,0
DA:142,0
DA:144,0
DA:150,0
DA:156,0
DA:157,0
DA:162,0
DA:167,0
DA:171,1
DA:172,0
DA:173,0
DA:174,0
DA:179,0
DA:183,1
DA:184,0
DA:185,0
DA:186,0
DA:188,0
DA:189,0
DA:191,0
DA:192,0
DA:193,0
DA:196,0
DA:197,0
DA:202,0
DA:206,1
DA:207,1
DA:210,1
LF:80
LH:37
BRDA:23,0,0,0
BRDA:23,0,1,0
BRDA:33,1,0,0
BRDA:33,1,1,0
BRDA:36,2,0,0
BRDA:36,2,1,0
BRDA:39,3,0,0
BRDA:39,3,1,0
BRDA:62,4,0,1
BRDA:62,4,1,2
BRDA:95,5,0,1
BRDA:95,5,1,4
BRDA:99,6,0,1
BRDA:99,6,1,2
BRDA:102,7,0,1
BRDA:102,7,1,1
BRDA:137,8,0,0
BRDA:137,8,1,0
BRDA:142,9,0,0
BRDA:142,9,1,0
BRDA:144,10,0,0
BRDA:144,10,1,0
BRDA:156,11,0,0
BRDA:156,11,1,0
BRDA:186,12,0,0
BRDA:186,12,1,0
BRDA:189,13,0,0
BRDA:189,13,1,0
BRDA:192,14,0,0
BRDA:192,14,1,0
BRF:30
BRH:8
end_of_record
TN:
SF:app\errors\AuthError.js
FN:1,(anonymous_0)
FN:12,(anonymous_1)
FN:23,(anonymous_2)
FN:34,(anonymous_3)
FN:45,(anonymous_4)
FN:56,(anonymous_5)
FN:67,(anonymous_6)
FN:78,(anonymous_7)
FN:89,(anonymous_8)
FNF:9
FNH:2
FNDA:0,(anonymous_0)
FNDA:0,(anonymous_1)
FNDA:0,(anonymous_2)
FNDA:0,(anonymous_3)
FNDA:0,(anonymous_4)
FNDA:2,(anonymous_5)
FNDA:1,(anonymous_6)
FNDA:0,(anonymous_7)
FNDA:0,(anonymous_8)
DA:1,1
DA:2,0
DA:12,1
DA:13,0
DA:23,1
DA:24,0
DA:34,1
DA:35,0
DA:45,1
DA:46,0
DA:56,1
DA:57,2
DA:67,1
DA:68,1
DA:78,1
DA:79,0
DA:89,1
DA:90,0
DA:100,1
LF:19
LH:12
BRF:0
BRH:0
end_of_record
TN:
SF:app\errors\InternalServerError.js
FN:1,(anonymous_0)
FNF:1
FNH:1
FNDA:2,(anonymous_0)
DA:1,1
DA:2,2
DA:12,1
LF:3
LH:3
BRF:0
BRH:0
end_of_record
TN:
SF:app\errors\UsernameError.js
FN:1,(anonymous_0)
FNF:1
FNH:1
FNDA:1,(anonymous_0)
DA:1,1
DA:2,1
DA:12,1
LF:3
LH:3
BRF:0
BRH:0
end_of_record
TN:
SF:app\errors\index.js
FNF:0
FNH:0
DA:1,1
DA:2,1
DA:3,1
DA:5,1
LF:4
LH:4
BRF:0
BRH:0
end_of_record
TN:
SF:app\models\index.js
FN:20,(anonymous_0)
FN:23,(anonymous_1)
FN:28,(anonymous_2)
FNF:3
FNH:3
FNDA:3,(anonymous_0)
FNDA:2,(anonymous_1)
FNDA:2,(anonymous_2)
DA:3,1
DA:4,1
DA:5,1
DA:6,1
DA:7,1
DA:8,1
DA:9,1
DA:12,1
DA:13,0
DA:15,1
DA:18,1
DA:21,3
DA:24,2
DA:25,2
DA:28,1
DA:29,2
DA:30,2
DA:34,1
DA:35,1
DA:37,1
LF:20
LH:19
BRDA:7,0,0,1
BRDA:7,0,1,0
BRDA:12,1,0,0
BRDA:12,1,1,1
BRDA:21,2,0,3
BRDA:21,2,1,3
BRDA:21,2,2,2
BRDA:29,3,0,2
BRDA:29,3,1,0
BRF:9
BRH:6
end_of_record
TN:
SF:app\models\invalidtoken.js
FN:5,(anonymous_0)
FN:12,(anonymous_1)
FNF:2
FNH:2
FNDA:1,(anonymous_0)
FNDA:1,(anonymous_1)
DA:4,1
DA:5,1
DA:16,1
DA:22,1
LF:4
LH:4
BRF:0
BRH:0
end_of_record
TN:
SF:app\models\user.js
FN:3,(anonymous_0)
FN:10,(anonymous_1)
FNF:2
FNH:2
FNDA:1,(anonymous_0)
FNDA:1,(anonymous_1)
DA:2,1
DA:3,1
DA:14,1
DA:30,1
LF:4
LH:4
BRF:0
BRH:0
end_of_record
TN:
SF:config\database.js
FNF:0
FNH:0
DA:1,1
DA:3,1
DA:5,1
LF:3
LH:3
BRF:0
BRH:0
end_of_record
